2024-09-02 02:32:13,483 - IndexLogger - INFO - User stories generated successfully.
2024-09-02 02:32:13,495 - IndexLogger - INFO - User stories saved successfully.
2024-10-07 03:50:43,157 - IndexLogger - INFO - Prompt read successfully.
2024-10-07 03:50:43,157 - IndexLogger - INFO - Prompt converted to string successfully.
2024-10-07 03:50:59,606 - IndexLogger - INFO - Personas generated successfully.
2024-10-07 03:51:07,855 - IndexLogger - INFO - Epics generated successfully.
2024-10-07 03:51:07,870 - IndexLogger - INFO - C:\Users\ibrak\Desktop\Projekte\scrum_based_generator\user_stories.json saved successfully in file.
2024-10-07 03:55:10,750 - IndexLogger - INFO - Prompt read successfully.
2024-10-07 03:55:10,750 - IndexLogger - INFO - Prompt converted to string successfully.
2024-10-07 03:55:27,274 - IndexLogger - INFO - Personas generated successfully.
2024-10-07 03:55:28,147 - IndexLogger - INFO - Epics generated successfully.
2024-10-07 03:55:28,149 - IndexLogger - INFO - C:\Users\ibrak\Desktop\Projekte\scrum_based_generator\user_stories.json saved successfully in file.
2024-10-07 03:58:25,285 - IndexLogger - INFO - Prompt read successfully.
2024-10-07 03:58:25,285 - IndexLogger - INFO - Prompt converted to string successfully.
2024-10-07 03:58:39,655 - IndexLogger - INFO - Personas generated successfully.
2024-10-07 03:58:47,029 - IndexLogger - INFO - Epics generated successfully.
2024-10-07 03:59:09,934 - IndexLogger - INFO - User stories generated successfully.
2024-10-07 03:59:57,158 - IndexLogger - INFO - User stories generated successfully.
2024-10-07 04:00:08,581 - IndexLogger - INFO - User stories generated successfully.
2024-10-07 04:00:42,663 - IndexLogger - INFO - User stories generated successfully.
2024-10-07 04:00:42,667 - IndexLogger - INFO - C:\Users\ibrak\Desktop\Projekte\scrum_based_generator\user_stories.json saved successfully in file.
2024-10-07 04:07:57,970 - IndexLogger - INFO - C:\Users\ibrak\Desktop\Projekte\scrum_based_generator\tasks.json saved successfully in file.
2024-10-07 04:21:26,222 - IndexLogger - INFO - Prompt read successfully.
2024-10-07 04:21:26,222 - IndexLogger - INFO - Prompt converted to string successfully.
2024-10-07 04:21:40,497 - IndexLogger - INFO - Personas generated successfully.
2024-10-07 04:22:28,659 - IndexLogger - INFO - Epics generated successfully.
2024-10-07 04:23:05,810 - IndexLogger - INFO - User stories generated successfully.
2024-10-07 04:23:27,997 - IndexLogger - INFO - User stories generated successfully.
2024-10-07 04:24:07,012 - IndexLogger - INFO - User stories generated successfully.
2024-10-07 04:24:20,748 - IndexLogger - INFO - User stories generated successfully.
2024-10-07 04:24:27,169 - IndexLogger - INFO - User stories generated successfully.
2024-10-07 04:24:27,172 - IndexLogger - INFO - C:\Users\ibrak\Desktop\Projekte\scrum_based_generator\user_stories.json saved successfully in file.
2024-10-07 04:24:41,028 - IndexLogger - INFO - C:\Users\ibrak\Desktop\Projekte\scrum_based_generator\tasks.json saved successfully in file.
2024-10-07 04:27:11,434 - IndexLogger - INFO - Prompt read successfully.
2024-10-07 04:27:11,434 - IndexLogger - INFO - Prompt converted to string successfully.
2024-10-07 04:27:28,245 - IndexLogger - INFO - Personas generated successfully.
2024-10-07 04:27:36,754 - IndexLogger - INFO - Epics generated successfully.
2024-10-08 21:48:38,830 - IndexLogger - INFO - Prompt read successfully.
2024-10-08 21:48:38,837 - IndexLogger - INFO - Prompt converted to string successfully.
2024-10-08 21:48:54,362 - IndexLogger - INFO - Personas generated successfully.
2024-10-08 21:49:00,778 - IndexLogger - INFO - Epics generated successfully.
2024-10-08 21:49:36,448 - IndexLogger - INFO - User stories generated successfully.
2024-10-08 21:50:00,400 - IndexLogger - INFO - User stories generated successfully.
2024-10-08 21:50:10,147 - IndexLogger - INFO - User stories generated successfully.
2024-10-08 21:50:10,149 - IndexLogger - INFO - C:\Users\ibrak\Desktop\Projekte\scrum_based_generator\output\user_stories.json saved successfully in file.
2024-10-08 21:50:46,471 - IndexLogger - INFO - C:\Users\ibrak\Desktop\Projekte\scrum_based_generator\output\tasks.json saved successfully in file.
2024-10-08 21:50:55,888 - IndexLogger - INFO - C:\Users\ibrak\Desktop\Projekte\scrum_based_generator\output\package_design.json saved successfully in file.
2024-10-09 00:15:08,900 - IndexLogger - INFO - Prompt read successfully.
2024-10-09 00:15:43,022 - IndexLogger - INFO - Prompt read successfully.
2024-10-09 00:15:43,022 - IndexLogger - INFO - Prompt converted to string successfully.
2024-10-09 00:16:25,380 - IndexLogger - INFO - Prompt read successfully.
2024-10-09 00:22:11,354 - IndexLogger - INFO - C:\Users\ibrak\Desktop\Projekte\scrum_based_generator\output\code.json saved successfully in file.
2024-10-09 02:24:49,267 - IndexLogger - INFO - Prompt read successfully.
2024-10-09 02:50:25,799 - IndexLogger - INFO - Prompt read successfully.
2024-10-09 02:51:16,177 - IndexLogger - INFO - Prompt read successfully.
2024-10-09 02:51:32,023 - IndexLogger - INFO - Prompt read successfully.
2024-10-09 02:51:32,023 - IndexLogger - INFO - Prompt converted to string successfully.
2024-10-09 02:53:47,354 - IndexLogger - INFO - Prompt read successfully.
2024-10-09 02:54:22,014 - IndexLogger - INFO - Prompt read successfully.
2024-10-09 02:54:41,178 - IndexLogger - INFO - Prompt read successfully.
2024-10-09 02:54:41,178 - IndexLogger - INFO - Prompt converted to string successfully.
2024-10-09 03:02:36,260 - IndexLogger - INFO - Prompt read successfully.
2024-10-09 03:02:36,263 - IndexLogger - INFO - Prompt converted to string successfully.
2024-10-09 03:02:36,264 - IndexLogger - INFO - Prompt read successfully.
2024-10-09 03:02:36,264 - IndexLogger - INFO - Prompt read successfully.
2024-10-09 03:03:31,024 - IndexLogger - INFO - C:\Users\ibrak\Desktop\Projekte\scrum_based_generator\output\package_design.json saved successfully in file.
2024-10-09 03:05:37,855 - IndexLogger - INFO - Prompt read successfully.
2024-10-09 03:05:37,855 - IndexLogger - INFO - Prompt converted to string successfully.
2024-10-09 03:05:37,855 - IndexLogger - INFO - Prompt read successfully.
2024-10-09 03:05:37,855 - IndexLogger - INFO - Prompt read successfully.
2024-10-09 03:05:45,595 - IndexLogger - INFO - C:\Users\ibrak\Desktop\Projekte\scrum_based_generator\output\package_design.json saved successfully in file.
2024-10-09 03:07:49,005 - IndexLogger - INFO - Prompt read successfully.
2024-10-09 03:07:49,005 - IndexLogger - INFO - Prompt read successfully.
2024-10-09 03:07:49,005 - IndexLogger - INFO - Prompt read successfully.
2024-10-09 03:07:49,005 - IndexLogger - INFO - Prompt read successfully.
2024-10-09 03:07:49,005 - IndexLogger - INFO - Prompt converted to string successfully.
2024-10-09 03:10:17,138 - IndexLogger - INFO - C:\Users\ibrak\Desktop\Projekte\scrum_based_generator\output\code.json saved successfully in file.
2024-10-09 03:11:16,334 - IndexLogger - INFO - Prompt read successfully.
2024-10-09 03:11:16,334 - IndexLogger - INFO - Prompt read successfully.
2024-10-09 03:11:16,334 - IndexLogger - INFO - Prompt read successfully.
2024-10-09 03:11:16,334 - IndexLogger - INFO - Prompt read successfully.
2024-10-09 03:11:16,334 - IndexLogger - INFO - Prompt read successfully.
2024-10-09 03:11:16,334 - IndexLogger - INFO - Prompt converted to string successfully.
2024-10-10 22:45:34,006 - IndexLogger - INFO - Prompt read successfully.
2024-10-10 22:45:34,006 - IndexLogger - INFO - Prompt read successfully.
2024-10-10 22:45:34,031 - IndexLogger - INFO - Prompt read successfully.
2024-10-10 22:45:34,035 - IndexLogger - INFO - Prompt read successfully.
2024-10-10 22:45:34,035 - IndexLogger - INFO - Prompt converted to string successfully.
2024-10-10 22:46:40,209 - IndexLogger - INFO - C:\Users\ibrak\Desktop\Projekte\scrum_based_generator\output\code.json saved successfully in file.
2024-10-10 22:48:08,098 - IndexLogger - INFO - Prompt read successfully.
2024-10-10 22:48:08,098 - IndexLogger - INFO - Prompt read successfully.
2024-10-10 22:48:08,098 - IndexLogger - INFO - Prompt read successfully.
2024-10-10 22:48:08,098 - IndexLogger - INFO - Prompt read successfully.
2024-10-10 22:48:08,098 - IndexLogger - INFO - Prompt read successfully.
2024-10-10 22:48:08,098 - IndexLogger - INFO - Prompt converted to string successfully.
2024-10-13 20:01:41,694 - IndexLogger - INFO - Prompt read successfully.
2024-10-13 20:01:41,702 - IndexLogger - INFO - Prompt converted to string successfully.
2024-10-13 20:45:10,785 - IndexLogger - INFO - Prompt read successfully.
2024-10-13 20:45:10,787 - IndexLogger - INFO - Prompt read successfully.
2024-10-13 20:45:10,788 - IndexLogger - INFO - Prompt converted to string successfully.
2024-10-13 20:45:43,968 - IndexLogger - INFO - Personas generated successfully.
2024-10-13 20:45:55,765 - IndexLogger - INFO - Epics generated successfully.
2024-10-13 20:47:01,431 - IndexLogger - INFO - User stories generated successfully.
2024-10-13 20:55:10,989 - IndexLogger - INFO - Prompt read successfully.
2024-10-13 20:55:10,990 - IndexLogger - INFO - Prompt read successfully.
2024-10-13 20:55:10,990 - IndexLogger - INFO - Prompt converted to string successfully.
2024-10-13 20:56:07,956 - IndexLogger - INFO - Personas generated successfully.
2024-10-13 20:57:18,166 - IndexLogger - INFO - Epics generated successfully.
2024-10-13 20:57:33,494 - IndexLogger - INFO - User stories generated successfully.
2024-10-13 20:58:34,674 - IndexLogger - INFO - User stories generated successfully.
2024-10-13 20:59:39,842 - IndexLogger - INFO - User stories generated successfully.
2024-10-13 21:00:25,324 - IndexLogger - INFO - User stories generated successfully.
2024-10-13 21:00:55,328 - IndexLogger - INFO - C:\Users\ibrak\Desktop\Projekte\scrum_based_generator\output\user_stories.json saved successfully in file.
2024-10-13 21:02:54,903 - IndexLogger - INFO - C:\Users\ibrak\Desktop\Projekte\scrum_based_generator\output\tasks.json saved successfully in file.
2024-10-14 02:23:09,218 - IndexLogger - INFO - Prompt read successfully.
2024-10-14 02:23:09,234 - IndexLogger - INFO - Prompt read successfully.
2024-10-14 02:23:09,234 - IndexLogger - INFO - Prompt read successfully.
2024-10-14 02:23:09,234 - IndexLogger - INFO - Prompt read successfully.
2024-10-14 02:23:09,234 - IndexLogger - INFO - Prompt converted to string successfully.
2024-10-14 02:25:08,761 - IndexLogger - INFO - Prompt read successfully.
2024-10-14 02:25:08,761 - IndexLogger - INFO - Prompt read successfully.
2024-10-14 02:25:08,762 - IndexLogger - INFO - Prompt read successfully.
2024-10-14 02:25:08,762 - IndexLogger - INFO - Prompt read successfully.
2024-10-14 02:25:08,763 - IndexLogger - INFO - Prompt converted to string successfully.
2024-10-14 02:28:47,334 - IndexLogger - INFO - Prompt read successfully.
2024-10-14 02:28:47,334 - IndexLogger - INFO - Prompt read successfully.
2024-10-14 02:28:47,334 - IndexLogger - INFO - Prompt read successfully.
2024-10-14 02:28:47,334 - IndexLogger - INFO - Prompt read successfully.
2024-10-14 02:28:47,334 - IndexLogger - INFO - Prompt converted to string successfully.
2024-10-14 02:28:53,932 - IndexLogger - INFO - C:\Users\ibrak\Desktop\Projekte\scrum_based_generator\output\package_design.json saved successfully in file.
2024-10-14 02:29:42,633 - IndexLogger - INFO - C:\Users\ibrak\Desktop\Projekte\scrum_based_generator\output\code.json saved successfully in file.
2024-10-14 21:52:13,689 - IndexLogger - INFO - Prompt read successfully.
2024-10-14 21:52:13,689 - IndexLogger - INFO - Prompt read successfully.
2024-10-14 21:52:13,689 - IndexLogger - INFO - Prompt read successfully.
2024-10-14 21:52:13,689 - IndexLogger - INFO - Prompt converted to string successfully.
2024-10-14 21:52:23,863 - IndexLogger - INFO - C:\Users\ibrak\Desktop\Projekte\scrum_based_generator\output\package_design.json saved successfully in file.
2024-10-14 21:52:31,265 - IndexLogger - INFO - C:\Users\ibrak\Desktop\Projekte\scrum_based_generator\output\code.json saved successfully in file.
2024-10-14 21:57:21,192 - IndexLogger - INFO - Prompt read successfully.
2024-10-14 21:57:21,192 - IndexLogger - INFO - Prompt read successfully.
2024-10-14 21:57:21,192 - IndexLogger - INFO - Prompt read successfully.
2024-10-14 21:57:21,192 - IndexLogger - INFO - Prompt converted to string successfully.
2024-10-14 21:57:34,343 - IndexLogger - INFO - C:\Users\ibrak\Desktop\Projekte\scrum_based_generator\output\package_design.json saved successfully in file.
2024-10-14 21:57:45,774 - IndexLogger - INFO - C:\Users\ibrak\Desktop\Projekte\scrum_based_generator\output\code.json saved successfully in file.
2024-10-14 22:59:44,943 - IndexLogger - INFO - Prompt read successfully.
2024-10-14 22:59:44,943 - IndexLogger - INFO - Prompt read successfully.
2024-10-14 22:59:44,950 - IndexLogger - INFO - Prompt read successfully.
2024-10-14 22:59:44,950 - IndexLogger - INFO - Prompt read successfully.
2024-10-14 22:59:44,950 - IndexLogger - INFO - Prompt converted to string successfully.
2024-10-16 21:26:11,353 - IndexLogger - INFO - Prompt read successfully.
2024-10-16 21:26:34,884 - IndexLogger - INFO - Personas generated successfully.
2024-10-16 21:27:54,585 - IndexLogger - INFO - Epics generated successfully.
2024-10-16 21:28:33,392 - IndexLogger - INFO - Prompt read successfully.
2024-10-16 21:28:56,664 - IndexLogger - INFO - Personas generated successfully.
2024-10-16 21:30:11,585 - IndexLogger - INFO - Epics generated successfully.
2024-10-16 21:30:38,144 - IndexLogger - INFO - User stories generated successfully.
2024-10-16 21:31:35,223 - IndexLogger - INFO - User stories generated successfully.
2024-10-16 21:32:23,785 - IndexLogger - INFO - User stories generated successfully.
2024-10-16 21:33:18,861 - IndexLogger - INFO - User stories generated successfully.
2024-10-16 21:34:14,189 - IndexLogger - INFO - User stories generated successfully.
2024-10-16 21:34:44,211 - IndexLogger - INFO - C:\Users\ibrak\Desktop\Projekte\scrum_based_generator\output\user_stories.json saved successfully in file.
2024-10-16 21:38:20,311 - IndexLogger - INFO - Prompt read successfully.
2024-10-16 21:38:20,311 - IndexLogger - INFO - Prompt read successfully.
2024-10-16 21:39:06,037 - IndexLogger - INFO - C:\Users\ibrak\Desktop\Projekte\scrum_based_generator\output\tasks.json saved successfully in file.
2024-10-16 21:40:07,211 - IndexLogger - INFO - C:\Users\ibrak\Desktop\Projekte\scrum_based_generator\output\package_design.json saved successfully in file.
2024-10-16 21:40:49,600 - IndexLogger - INFO - C:\Users\ibrak\Desktop\Projekte\scrum_based_generator\output\code.json saved successfully in file.
2024-10-16 21:43:10,060 - IndexLogger - INFO - Prompt read successfully.
2024-10-16 21:43:10,060 - IndexLogger - INFO - Prompt read successfully.
2024-10-16 21:43:10,060 - IndexLogger - INFO - Prompt read successfully.
2024-10-16 21:43:10,060 - IndexLogger - INFO - Prompt read successfully.
2024-10-16 21:43:24,740 - IndexLogger - INFO - C:\Users\ibrak\Desktop\Projekte\scrum_based_generator\output\code.json saved successfully in file.
2024-10-16 21:46:42,609 - IndexLogger - INFO - Prompt read successfully.
2024-10-16 21:46:42,609 - IndexLogger - INFO - Prompt read successfully.
2024-10-16 21:46:42,609 - IndexLogger - INFO - Prompt read successfully.
2024-10-16 21:46:42,609 - IndexLogger - INFO - Prompt read successfully.
2024-10-16 21:48:13,187 - IndexLogger - INFO - C:\Users\ibrak\Desktop\Projekte\scrum_based_generator\output\code.json saved successfully in file.
2024-10-16 21:50:07,568 - IndexLogger - INFO - Prompt read successfully.
2024-10-16 21:50:07,568 - IndexLogger - INFO - Prompt read successfully.
2024-10-16 21:50:07,568 - IndexLogger - INFO - Prompt read successfully.
2024-10-16 21:50:07,568 - IndexLogger - INFO - Prompt read successfully.
2024-10-16 21:50:07,568 - IndexLogger - INFO - Prompt read successfully.
2024-10-16 22:13:51,335 - IndexLogger - INFO - Prompt read successfully.
2024-10-16 22:13:51,335 - IndexLogger - INFO - Prompt read successfully.
2024-10-16 22:13:51,335 - IndexLogger - INFO - Prompt read successfully.
2024-10-16 22:13:51,348 - IndexLogger - INFO - Prompt read successfully.
2024-10-16 22:13:51,348 - IndexLogger - INFO - Prompt read successfully.
2024-10-16 22:24:55,470 - IndexLogger - INFO - Prompt read successfully.
2024-10-16 22:24:55,470 - IndexLogger - INFO - Prompt read successfully.
2024-10-16 22:24:55,474 - IndexLogger - INFO - Prompt read successfully.
2024-10-16 22:24:55,481 - IndexLogger - INFO - Prompt read successfully.
2024-10-16 22:24:55,481 - IndexLogger - INFO - Prompt read successfully.
2024-10-16 22:25:09,668 - IndexLogger - INFO - Prompt read successfully.
2024-10-16 22:25:09,670 - IndexLogger - INFO - Prompt read successfully.
2024-10-16 22:25:09,670 - IndexLogger - INFO - Prompt read successfully.
2024-10-16 22:25:09,670 - IndexLogger - INFO - Prompt read successfully.
2024-10-16 22:25:09,670 - IndexLogger - INFO - Prompt read successfully.
